[2025-10-31T22:56:59.839+0000] {manager.py:469} INFO - Processing files using up to 2 processes at a time 
[2025-10-31T22:56:59.848+0000] {manager.py:470} INFO - Process each file at most once every 30 seconds
[2025-10-31T22:56:59.858+0000] {manager.py:471} INFO - Checking for new files in /opt/airflow/dags every 300 seconds
[2025-10-31T22:56:59.894+0000] {manager.py:738} INFO - Searching for files in /opt/airflow/dags
[2025-10-31T22:57:00.477+0000] {manager.py:741} INFO - There are 2 files in /opt/airflow/dags
[2025-10-31T22:57:02.073+0000] {manager.py:879} INFO - 
================================================================================
DAG File Processing Stats

File Path                                  PID  Runtime      # DAGs    # Errors  Last Runtime    Last Run
---------------------------------------  -----  ---------  --------  ----------  --------------  ----------
/opt/airflow/dags/load_to_clickhouse.py    170  0.75s             0           0
/opt/airflow/dags/validate.py              167  0.92s             0           0
================================================================================
[2025-10-31T22:57:31.544+0000] {manager.py:879} INFO - 
================================================================================
DAG File Processing Stats

File Path                                PID    Runtime      # DAGs    # Errors  Last Runtime    Last Run
---------------------------------------  -----  ---------  --------  ----------  --------------  -------------------
/opt/airflow/dags/load_to_clickhouse.py                           0           1  0.85s           2025-10-31T22:57:02
/opt/airflow/dags/validate.py                                     1           0  5.94s           2025-10-31T22:57:07
================================================================================
[2025-10-31T22:58:01.599+0000] {manager.py:879} INFO - 
================================================================================
DAG File Processing Stats

File Path                                PID    Runtime      # DAGs    # Errors  Last Runtime    Last Run
---------------------------------------  -----  ---------  --------  ----------  --------------  -------------------
/opt/airflow/dags/load_to_clickhouse.py                           0           1  0.34s           2025-10-31T22:57:32
/opt/airflow/dags/validate.py                                     1           0  14.27s          2025-10-31T22:57:51
================================================================================
[2025-10-31T22:58:31.578+0000] {manager.py:879} INFO - 
================================================================================
DAG File Processing Stats

File Path                                PID    Runtime      # DAGs    # Errors  Last Runtime    Last Run
---------------------------------------  -----  ---------  --------  ----------  --------------  -------------------
/opt/airflow/dags/load_to_clickhouse.py                           0           1  6.74s           2025-10-31T22:58:11
/opt/airflow/dags/validate.py                                     1           0  7.51s           2025-10-31T22:58:30
================================================================================
[2025-10-31T22:59:01.769+0000] {manager.py:879} INFO - 
================================================================================
DAG File Processing Stats

File Path                                  PID  Runtime      # DAGs    # Errors  Last Runtime    Last Run
---------------------------------------  -----  ---------  --------  ----------  --------------  -------------------
/opt/airflow/dags/load_to_clickhouse.py                           0           1  0.23s           2025-10-31T22:58:42
/opt/airflow/dags/validate.py              205  1.03s             1           0  7.51s           2025-10-31T22:58:30
================================================================================
[2025-10-31T22:59:12.167+0000] {manager.py:451} INFO - Exiting gracefully upon receiving signal 15
[2025-10-31T23:02:17.199+0000] {manager.py:469} INFO - Processing files using up to 2 processes at a time 
[2025-10-31T23:02:17.205+0000] {manager.py:470} INFO - Process each file at most once every 30 seconds
[2025-10-31T23:02:17.207+0000] {manager.py:471} INFO - Checking for new files in /opt/airflow/dags every 300 seconds
[2025-10-31T23:02:17.209+0000] {manager.py:738} INFO - Searching for files in /opt/airflow/dags
[2025-10-31T23:02:17.398+0000] {manager.py:741} INFO - There are 2 files in /opt/airflow/dags
[2025-10-31T23:02:18.409+0000] {manager.py:879} INFO - 
================================================================================
DAG File Processing Stats

File Path                                  PID  Runtime      # DAGs    # Errors  Last Runtime    Last Run
---------------------------------------  -----  ---------  --------  ----------  --------------  ----------
/opt/airflow/dags/load_to_clickhouse.py    170  0.68s             0           0
/opt/airflow/dags/validate.py              167  0.74s             0           0
================================================================================
[2025-10-31T23:02:53.536+0000] {manager.py:879} INFO - 
================================================================================
DAG File Processing Stats

File Path                                  PID  Runtime      # DAGs    # Errors  Last Runtime    Last Run
---------------------------------------  -----  ---------  --------  ----------  --------------  -------------------
/opt/airflow/dags/load_to_clickhouse.py    178  2.02s             0           1  0.91s           2025-10-31T23:02:18
/opt/airflow/dags/validate.py                                     1           0  10.29s          2025-10-31T23:02:27
================================================================================
[2025-10-31T23:03:24.927+0000] {manager.py:879} INFO - 
================================================================================
DAG File Processing Stats

File Path                                PID    Runtime      # DAGs    # Errors  Last Runtime    Last Run
---------------------------------------  -----  ---------  --------  ----------  --------------  -------------------
/opt/airflow/dags/load_to_clickhouse.py                           0           1  8.28s           2025-10-31T23:02:58
/opt/airflow/dags/validate.py                                     1           0  5.41s           2025-10-31T23:03:03
================================================================================
[2025-10-31T23:03:54.687+0000] {manager.py:879} INFO - 
================================================================================
DAG File Processing Stats

File Path                                PID    Runtime      # DAGs    # Errors  Last Runtime    Last Run
---------------------------------------  -----  ---------  --------  ----------  --------------  -------------------
/opt/airflow/dags/load_to_clickhouse.py                           0           1  11.37s          2025-10-31T23:03:40
/opt/airflow/dags/validate.py                                     1           0  7.97s           2025-10-31T23:03:43
================================================================================
[2025-10-31T23:04:24.550+0000] {manager.py:879} INFO - 
================================================================================
DAG File Processing Stats

File Path                                  PID  Runtime      # DAGs    # Errors  Last Runtime    Last Run
---------------------------------------  -----  ---------  --------  ----------  --------------  -------------------
/opt/airflow/dags/load_to_clickhouse.py                           0           1  10.88s          2025-10-31T23:04:23
/opt/airflow/dags/validate.py              203  4.76s             1           0  7.97s           2025-10-31T23:03:43
================================================================================
[2025-10-31T23:04:54.808+0000] {manager.py:879} INFO - 
================================================================================
DAG File Processing Stats

File Path                                  PID  Runtime      # DAGs    # Errors  Last Runtime    Last Run
---------------------------------------  -----  ---------  --------  ----------  --------------  -------------------
/opt/airflow/dags/load_to_clickhouse.py    211  0.82s             0           1  10.88s          2025-10-31T23:04:23
/opt/airflow/dags/validate.py                                     1           0  7.00s           2025-10-31T23:04:26
================================================================================
[2025-10-31T23:05:25.043+0000] {manager.py:879} INFO - 
================================================================================
DAG File Processing Stats

File Path                                PID    Runtime      # DAGs    # Errors  Last Runtime    Last Run
---------------------------------------  -----  ---------  --------  ----------  --------------  -------------------
/opt/airflow/dags/load_to_clickhouse.py                           0           1  1.70s           2025-10-31T23:04:55
/opt/airflow/dags/validate.py                                     1           0  16.69s          2025-10-31T23:05:14
================================================================================
[2025-10-31T23:05:55.485+0000] {manager.py:879} INFO - 
================================================================================
DAG File Processing Stats

File Path                                  PID  Runtime      # DAGs    # Errors  Last Runtime    Last Run
---------------------------------------  -----  ---------  --------  ----------  --------------  -------------------
/opt/airflow/dags/load_to_clickhouse.py                           0           1  0.36s           2025-10-31T23:05:27
/opt/airflow/dags/validate.py              227  4.36s             1           0  16.69s          2025-10-31T23:05:14
================================================================================
[2025-10-31T23:06:29.434+0000] {manager.py:879} INFO - 
================================================================================
DAG File Processing Stats

File Path                                PID    Runtime      # DAGs    # Errors  Last Runtime    Last Run
---------------------------------------  -----  ---------  --------  ----------  --------------  -------------------
/opt/airflow/dags/load_to_clickhouse.py                           0           1  1.34s           2025-10-31T23:05:59
/opt/airflow/dags/validate.py                                     1           0  24.14s          2025-10-31T23:06:15
================================================================================
[2025-10-31T23:07:09.461+0000] {manager.py:879} INFO - 
================================================================================
DAG File Processing Stats

File Path                                PID    Runtime      # DAGs    # Errors  Last Runtime    Last Run
---------------------------------------  -----  ---------  --------  ----------  --------------  -------------------
/opt/airflow/dags/load_to_clickhouse.py                           0           1  3.20s           2025-10-31T23:06:41
/opt/airflow/dags/validate.py                                     1           0  17.58s          2025-10-31T23:07:04
================================================================================
[2025-10-31T23:07:18.235+0000] {manager.py:738} INFO - Searching for files in /opt/airflow/dags
[2025-10-31T23:07:18.979+0000] {manager.py:741} INFO - There are 2 files in /opt/airflow/dags
[2025-10-31T23:07:40.223+0000] {manager.py:879} INFO - 
================================================================================
DAG File Processing Stats

File Path                                  PID  Runtime      # DAGs    # Errors  Last Runtime    Last Run
---------------------------------------  -----  ---------  --------  ----------  --------------  -------------------
/opt/airflow/dags/load_to_clickhouse.py                           0           1  4.16s           2025-10-31T23:07:19
/opt/airflow/dags/validate.py              254  3.91s             1           0  17.58s          2025-10-31T23:07:04
================================================================================
[2025-10-31T23:08:10.551+0000] {manager.py:879} INFO - 
================================================================================
DAG File Processing Stats

File Path                                PID    Runtime      # DAGs    # Errors  Last Runtime    Last Run
---------------------------------------  -----  ---------  --------  ----------  --------------  -------------------
/opt/airflow/dags/load_to_clickhouse.py                           0           1  2.16s           2025-10-31T23:07:52
/opt/airflow/dags/validate.py                                     1           0  20.20s          2025-10-31T23:07:56
================================================================================
[2025-10-31T23:08:41.588+0000] {manager.py:879} INFO - 
================================================================================
DAG File Processing Stats

File Path                                PID    Runtime      # DAGs    # Errors  Last Runtime    Last Run
---------------------------------------  -----  ---------  --------  ----------  --------------  -------------------
/opt/airflow/dags/load_to_clickhouse.py                           0           1  5.02s           2025-10-31T23:08:28
/opt/airflow/dags/validate.py                                     1           0  3.12s           2025-10-31T23:08:31
================================================================================
[2025-10-31T23:09:12.047+0000] {manager.py:879} INFO - 
================================================================================
DAG File Processing Stats

File Path                                  PID  Runtime      # DAGs    # Errors  Last Runtime    Last Run
---------------------------------------  -----  ---------  --------  ----------  --------------  -------------------
/opt/airflow/dags/load_to_clickhouse.py                           0           1  1.70s           2025-10-31T23:09:10
/opt/airflow/dags/validate.py              276  4.31s             1           0  3.12s           2025-10-31T23:08:31
================================================================================
[2025-10-31T23:09:41.764+0000] {manager.py:879} INFO - 
================================================================================
DAG File Processing Stats

File Path                                PID    Runtime      # DAGs    # Errors  Last Runtime    Last Run
---------------------------------------  -----  ---------  --------  ----------  --------------  -------------------
/opt/airflow/dags/load_to_clickhouse.py                           0           1  1.22s           2025-10-31T23:09:41
/opt/airflow/dags/validate.py                                     1           0  7.97s           2025-10-31T23:09:15
================================================================================
[2025-10-31T23:10:11.463+0000] {manager.py:879} INFO - 
================================================================================
DAG File Processing Stats

File Path                                PID    Runtime      # DAGs    # Errors  Last Runtime    Last Run
---------------------------------------  -----  ---------  --------  ----------  --------------  -------------------
/opt/airflow/dags/load_to_clickhouse.py                           0           1  1.22s           2025-10-31T23:09:41
/opt/airflow/dags/validate.py                                     1           0  14.38s          2025-10-31T23:10:00
================================================================================
[2025-10-31T23:10:42.144+0000] {manager.py:879} INFO - 
================================================================================
DAG File Processing Stats

File Path                                PID    Runtime      # DAGs    # Errors  Last Runtime    Last Run
---------------------------------------  -----  ---------  --------  ----------  --------------  -------------------
/opt/airflow/dags/load_to_clickhouse.py                           0           1  4.02s           2025-10-31T23:10:17
/opt/airflow/dags/validate.py                                     1           0  3.71s           2025-10-31T23:10:34
================================================================================
[2025-10-31T23:11:12.666+0000] {manager.py:879} INFO - 
================================================================================
DAG File Processing Stats

File Path                                PID    Runtime      # DAGs    # Errors  Last Runtime    Last Run
---------------------------------------  -----  ---------  --------  ----------  --------------  -------------------
/opt/airflow/dags/load_to_clickhouse.py                           0           1  1.81s           2025-10-31T23:10:51
/opt/airflow/dags/validate.py                                     1           0  1.22s           2025-10-31T23:11:05
================================================================================
