[2025-10-29T20:46:14.640+0000] {processor.py:161} INFO - Started process (PID=167) to work on /opt/airflow/dags/count_csv_rows.py
[2025-10-29T20:46:14.648+0000] {processor.py:830} INFO - Processing file /opt/airflow/dags/count_csv_rows.py for tasks to queue
[2025-10-29T20:46:14.678+0000] {logging_mixin.py:188} INFO - [2025-10-29T20:46:14.662+0000] {dagbag.py:538} INFO - Filling up the DagBag from /opt/airflow/dags/count_csv_rows.py
[2025-10-29T20:46:22.143+0000] {processor.py:840} INFO - DAG(s) 'count_csv_rows' retrieved from /opt/airflow/dags/count_csv_rows.py
[2025-10-29T20:46:24.078+0000] {logging_mixin.py:188} INFO - [2025-10-29T20:46:24.075+0000] {override.py:1769} INFO - Created Permission View: can edit on DAG:count_csv_rows
[2025-10-29T20:46:31.774+0000] {logging_mixin.py:188} INFO - [2025-10-29T20:46:31.772+0000] {override.py:1769} INFO - Created Permission View: can delete on DAG:count_csv_rows
[2025-10-29T20:46:31.803+0000] {logging_mixin.py:188} INFO - [2025-10-29T20:46:31.803+0000] {override.py:1769} INFO - Created Permission View: can read on DAG:count_csv_rows
[2025-10-29T20:46:31.805+0000] {logging_mixin.py:188} INFO - [2025-10-29T20:46:31.804+0000] {dag.py:3036} INFO - Sync 1 DAGs
[2025-10-29T20:46:31.905+0000] {logging_mixin.py:188} INFO - [2025-10-29T20:46:31.904+0000] {dag.py:3058} INFO - Creating ORM DAG for count_csv_rows
[2025-10-29T20:46:31.909+0000] {logging_mixin.py:188} INFO - [2025-10-29T20:46:31.908+0000] {dag.py:3823} INFO - Setting next_dagrun for count_csv_rows to None, run_after=None
[2025-10-29T20:46:32.121+0000] {processor.py:183} INFO - Processing /opt/airflow/dags/count_csv_rows.py took 17.686 seconds
[2025-10-29T20:47:02.807+0000] {processor.py:161} INFO - Started process (PID=173) to work on /opt/airflow/dags/count_csv_rows.py
[2025-10-29T20:47:02.814+0000] {processor.py:830} INFO - Processing file /opt/airflow/dags/count_csv_rows.py for tasks to queue
[2025-10-29T20:47:02.824+0000] {logging_mixin.py:188} INFO - [2025-10-29T20:47:02.820+0000] {dagbag.py:538} INFO - Filling up the DagBag from /opt/airflow/dags/count_csv_rows.py
[2025-10-29T20:47:05.640+0000] {processor.py:840} INFO - DAG(s) 'count_csv_rows' retrieved from /opt/airflow/dags/count_csv_rows.py
[2025-10-29T20:47:05.860+0000] {logging_mixin.py:188} INFO - [2025-10-29T20:47:05.858+0000] {dag.py:3036} INFO - Sync 1 DAGs
[2025-10-29T20:47:05.978+0000] {logging_mixin.py:188} INFO - [2025-10-29T20:47:05.977+0000] {dag.py:3823} INFO - Setting next_dagrun for count_csv_rows to None, run_after=None
[2025-10-29T20:47:06.182+0000] {processor.py:183} INFO - Processing /opt/airflow/dags/count_csv_rows.py took 3.453 seconds
[2025-10-29T20:47:38.233+0000] {processor.py:161} INFO - Started process (PID=179) to work on /opt/airflow/dags/count_csv_rows.py
[2025-10-29T20:47:38.281+0000] {processor.py:830} INFO - Processing file /opt/airflow/dags/count_csv_rows.py for tasks to queue
[2025-10-29T20:47:38.348+0000] {logging_mixin.py:188} INFO - [2025-10-29T20:47:38.330+0000] {dagbag.py:538} INFO - Filling up the DagBag from /opt/airflow/dags/count_csv_rows.py
[2025-10-29T20:47:42.436+0000] {processor.py:840} INFO - DAG(s) 'count_csv_rows' retrieved from /opt/airflow/dags/count_csv_rows.py
[2025-10-29T20:47:42.662+0000] {logging_mixin.py:188} INFO - [2025-10-29T20:47:42.661+0000] {dag.py:3036} INFO - Sync 1 DAGs
[2025-10-29T20:47:42.734+0000] {logging_mixin.py:188} INFO - [2025-10-29T20:47:42.733+0000] {dag.py:3823} INFO - Setting next_dagrun for count_csv_rows to None, run_after=None
[2025-10-29T20:47:42.838+0000] {processor.py:183} INFO - Processing /opt/airflow/dags/count_csv_rows.py took 5.047 seconds
[2025-10-29T20:48:39.652+0000] {processor.py:161} INFO - Started process (PID=166) to work on /opt/airflow/dags/count_csv_rows.py
[2025-10-29T20:48:39.672+0000] {processor.py:830} INFO - Processing file /opt/airflow/dags/count_csv_rows.py for tasks to queue
[2025-10-29T20:48:39.690+0000] {logging_mixin.py:188} INFO - [2025-10-29T20:48:39.688+0000] {dagbag.py:538} INFO - Filling up the DagBag from /opt/airflow/dags/count_csv_rows.py
[2025-10-29T20:48:43.313+0000] {processor.py:840} INFO - DAG(s) 'count_csv_rows' retrieved from /opt/airflow/dags/count_csv_rows.py
[2025-10-29T20:48:43.781+0000] {logging_mixin.py:188} INFO - [2025-10-29T20:48:43.779+0000] {dag.py:3036} INFO - Sync 1 DAGs
[2025-10-29T20:48:44.004+0000] {logging_mixin.py:188} INFO - [2025-10-29T20:48:44.003+0000] {dag.py:3823} INFO - Setting next_dagrun for count_csv_rows to None, run_after=None
[2025-10-29T20:48:44.255+0000] {processor.py:183} INFO - Processing /opt/airflow/dags/count_csv_rows.py took 4.668 seconds
[2025-10-29T20:49:15.744+0000] {processor.py:161} INFO - Started process (PID=173) to work on /opt/airflow/dags/count_csv_rows.py
[2025-10-29T20:49:15.767+0000] {processor.py:830} INFO - Processing file /opt/airflow/dags/count_csv_rows.py for tasks to queue
[2025-10-29T20:49:15.784+0000] {logging_mixin.py:188} INFO - [2025-10-29T20:49:15.779+0000] {dagbag.py:538} INFO - Filling up the DagBag from /opt/airflow/dags/count_csv_rows.py
[2025-10-29T20:49:19.309+0000] {processor.py:840} INFO - DAG(s) 'count_csv_rows' retrieved from /opt/airflow/dags/count_csv_rows.py
[2025-10-29T20:49:19.679+0000] {logging_mixin.py:188} INFO - [2025-10-29T20:49:19.677+0000] {dag.py:3036} INFO - Sync 1 DAGs
[2025-10-29T20:49:19.863+0000] {logging_mixin.py:188} INFO - [2025-10-29T20:49:19.859+0000] {dag.py:3823} INFO - Setting next_dagrun for count_csv_rows to None, run_after=None
[2025-10-29T20:49:20.068+0000] {processor.py:183} INFO - Processing /opt/airflow/dags/count_csv_rows.py took 4.431 seconds
[2025-10-29T20:49:50.953+0000] {processor.py:161} INFO - Started process (PID=179) to work on /opt/airflow/dags/count_csv_rows.py
[2025-10-29T20:49:50.976+0000] {processor.py:830} INFO - Processing file /opt/airflow/dags/count_csv_rows.py for tasks to queue
[2025-10-29T20:49:51.005+0000] {logging_mixin.py:188} INFO - [2025-10-29T20:49:50.997+0000] {dagbag.py:538} INFO - Filling up the DagBag from /opt/airflow/dags/count_csv_rows.py
[2025-10-29T20:49:59.088+0000] {processor.py:840} INFO - DAG(s) 'count_csv_rows' retrieved from /opt/airflow/dags/count_csv_rows.py
[2025-10-29T20:49:59.305+0000] {logging_mixin.py:188} INFO - [2025-10-29T20:49:59.304+0000] {dag.py:3036} INFO - Sync 1 DAGs
[2025-10-29T20:49:59.379+0000] {logging_mixin.py:188} INFO - [2025-10-29T20:49:59.378+0000] {dag.py:3823} INFO - Setting next_dagrun for count_csv_rows to None, run_after=None
[2025-10-29T20:49:59.515+0000] {processor.py:183} INFO - Processing /opt/airflow/dags/count_csv_rows.py took 8.741 seconds
[2025-10-29T20:50:29.984+0000] {processor.py:161} INFO - Started process (PID=185) to work on /opt/airflow/dags/count_csv_rows.py
[2025-10-29T20:50:29.993+0000] {processor.py:830} INFO - Processing file /opt/airflow/dags/count_csv_rows.py for tasks to queue
[2025-10-29T20:50:29.997+0000] {logging_mixin.py:188} INFO - [2025-10-29T20:50:29.996+0000] {dagbag.py:538} INFO - Filling up the DagBag from /opt/airflow/dags/count_csv_rows.py
[2025-10-29T20:50:31.674+0000] {processor.py:840} INFO - DAG(s) 'count_csv_rows' retrieved from /opt/airflow/dags/count_csv_rows.py
[2025-10-29T20:50:32.178+0000] {logging_mixin.py:188} INFO - [2025-10-29T20:50:32.177+0000] {dag.py:3036} INFO - Sync 1 DAGs
[2025-10-29T20:50:32.419+0000] {logging_mixin.py:188} INFO - [2025-10-29T20:50:32.417+0000] {dag.py:3823} INFO - Setting next_dagrun for count_csv_rows to None, run_after=None
[2025-10-29T20:50:32.994+0000] {processor.py:183} INFO - Processing /opt/airflow/dags/count_csv_rows.py took 3.031 seconds
[2025-10-29T20:51:03.483+0000] {processor.py:161} INFO - Started process (PID=197) to work on /opt/airflow/dags/count_csv_rows.py
[2025-10-29T20:51:03.487+0000] {processor.py:830} INFO - Processing file /opt/airflow/dags/count_csv_rows.py for tasks to queue
[2025-10-29T20:51:03.491+0000] {logging_mixin.py:188} INFO - [2025-10-29T20:51:03.490+0000] {dagbag.py:538} INFO - Filling up the DagBag from /opt/airflow/dags/count_csv_rows.py
[2025-10-29T20:51:04.461+0000] {processor.py:840} INFO - DAG(s) 'count_csv_rows' retrieved from /opt/airflow/dags/count_csv_rows.py
[2025-10-29T20:51:04.680+0000] {logging_mixin.py:188} INFO - [2025-10-29T20:51:04.679+0000] {dag.py:3036} INFO - Sync 1 DAGs
[2025-10-29T20:51:04.748+0000] {logging_mixin.py:188} INFO - [2025-10-29T20:51:04.747+0000] {dag.py:3823} INFO - Setting next_dagrun for count_csv_rows to None, run_after=None
[2025-10-29T20:51:04.837+0000] {processor.py:183} INFO - Processing /opt/airflow/dags/count_csv_rows.py took 1.377 seconds
[2025-10-29T20:51:35.089+0000] {processor.py:161} INFO - Started process (PID=203) to work on /opt/airflow/dags/count_csv_rows.py
[2025-10-29T20:51:35.094+0000] {processor.py:830} INFO - Processing file /opt/airflow/dags/count_csv_rows.py for tasks to queue
[2025-10-29T20:51:35.099+0000] {logging_mixin.py:188} INFO - [2025-10-29T20:51:35.098+0000] {dagbag.py:538} INFO - Filling up the DagBag from /opt/airflow/dags/count_csv_rows.py
[2025-10-29T20:51:36.118+0000] {processor.py:840} INFO - DAG(s) 'count_csv_rows' retrieved from /opt/airflow/dags/count_csv_rows.py
[2025-10-29T20:51:36.269+0000] {logging_mixin.py:188} INFO - [2025-10-29T20:51:36.268+0000] {dag.py:3036} INFO - Sync 1 DAGs
[2025-10-29T20:51:36.325+0000] {logging_mixin.py:188} INFO - [2025-10-29T20:51:36.324+0000] {dag.py:3823} INFO - Setting next_dagrun for count_csv_rows to None, run_after=None
[2025-10-29T20:51:36.437+0000] {processor.py:183} INFO - Processing /opt/airflow/dags/count_csv_rows.py took 1.360 seconds
[2025-10-29T20:52:06.682+0000] {processor.py:161} INFO - Started process (PID=209) to work on /opt/airflow/dags/count_csv_rows.py
[2025-10-29T20:52:06.688+0000] {processor.py:830} INFO - Processing file /opt/airflow/dags/count_csv_rows.py for tasks to queue
[2025-10-29T20:52:06.693+0000] {logging_mixin.py:188} INFO - [2025-10-29T20:52:06.692+0000] {dagbag.py:538} INFO - Filling up the DagBag from /opt/airflow/dags/count_csv_rows.py
[2025-10-29T20:52:07.370+0000] {processor.py:840} INFO - DAG(s) 'count_csv_rows' retrieved from /opt/airflow/dags/count_csv_rows.py
[2025-10-29T20:52:07.486+0000] {logging_mixin.py:188} INFO - [2025-10-29T20:52:07.485+0000] {dag.py:3036} INFO - Sync 1 DAGs
[2025-10-29T20:52:07.531+0000] {logging_mixin.py:188} INFO - [2025-10-29T20:52:07.530+0000] {dag.py:3823} INFO - Setting next_dagrun for count_csv_rows to None, run_after=None
[2025-10-29T20:52:07.571+0000] {processor.py:183} INFO - Processing /opt/airflow/dags/count_csv_rows.py took 0.940 seconds
[2025-10-29T20:52:37.970+0000] {processor.py:161} INFO - Started process (PID=215) to work on /opt/airflow/dags/count_csv_rows.py
[2025-10-29T20:52:37.972+0000] {processor.py:830} INFO - Processing file /opt/airflow/dags/count_csv_rows.py for tasks to queue
[2025-10-29T20:52:37.975+0000] {logging_mixin.py:188} INFO - [2025-10-29T20:52:37.974+0000] {dagbag.py:538} INFO - Filling up the DagBag from /opt/airflow/dags/count_csv_rows.py
[2025-10-29T20:52:38.568+0000] {processor.py:840} INFO - DAG(s) 'count_csv_rows' retrieved from /opt/airflow/dags/count_csv_rows.py
[2025-10-29T20:52:38.824+0000] {logging_mixin.py:188} INFO - [2025-10-29T20:52:38.823+0000] {dag.py:3036} INFO - Sync 1 DAGs
[2025-10-29T20:52:38.891+0000] {logging_mixin.py:188} INFO - [2025-10-29T20:52:38.891+0000] {dag.py:3823} INFO - Setting next_dagrun for count_csv_rows to None, run_after=None
[2025-10-29T20:52:39.149+0000] {processor.py:183} INFO - Processing /opt/airflow/dags/count_csv_rows.py took 1.184 seconds
[2025-10-29T20:53:10.051+0000] {processor.py:161} INFO - Started process (PID=221) to work on /opt/airflow/dags/count_csv_rows.py
[2025-10-29T20:53:10.054+0000] {processor.py:830} INFO - Processing file /opt/airflow/dags/count_csv_rows.py for tasks to queue
[2025-10-29T20:53:10.057+0000] {logging_mixin.py:188} INFO - [2025-10-29T20:53:10.056+0000] {dagbag.py:538} INFO - Filling up the DagBag from /opt/airflow/dags/count_csv_rows.py
[2025-10-29T20:53:10.622+0000] {processor.py:840} INFO - DAG(s) 'count_csv_rows' retrieved from /opt/airflow/dags/count_csv_rows.py
[2025-10-29T20:53:11.175+0000] {logging_mixin.py:188} INFO - [2025-10-29T20:53:11.168+0000] {dag.py:3036} INFO - Sync 1 DAGs
[2025-10-29T20:53:12.482+0000] {logging_mixin.py:188} INFO - [2025-10-29T20:53:12.467+0000] {dag.py:3823} INFO - Setting next_dagrun for count_csv_rows to None, run_after=None
[2025-10-29T20:53:15.278+0000] {processor.py:183} INFO - Processing /opt/airflow/dags/count_csv_rows.py took 5.241 seconds
[2025-10-29T20:53:47.442+0000] {processor.py:161} INFO - Started process (PID=227) to work on /opt/airflow/dags/count_csv_rows.py
[2025-10-29T20:53:47.447+0000] {processor.py:830} INFO - Processing file /opt/airflow/dags/count_csv_rows.py for tasks to queue
[2025-10-29T20:53:47.452+0000] {logging_mixin.py:188} INFO - [2025-10-29T20:53:47.450+0000] {dagbag.py:538} INFO - Filling up the DagBag from /opt/airflow/dags/count_csv_rows.py
[2025-10-29T20:53:48.222+0000] {processor.py:840} INFO - DAG(s) 'count_csv_rows' retrieved from /opt/airflow/dags/count_csv_rows.py
[2025-10-29T20:53:48.341+0000] {logging_mixin.py:188} INFO - [2025-10-29T20:53:48.340+0000] {dag.py:3036} INFO - Sync 1 DAGs
[2025-10-29T20:53:48.395+0000] {logging_mixin.py:188} INFO - [2025-10-29T20:53:48.394+0000] {dag.py:3823} INFO - Setting next_dagrun for count_csv_rows to None, run_after=None
[2025-10-29T20:53:48.546+0000] {processor.py:183} INFO - Processing /opt/airflow/dags/count_csv_rows.py took 1.118 seconds
[2025-10-29T20:54:19.380+0000] {processor.py:161} INFO - Started process (PID=233) to work on /opt/airflow/dags/count_csv_rows.py
[2025-10-29T20:54:19.386+0000] {processor.py:830} INFO - Processing file /opt/airflow/dags/count_csv_rows.py for tasks to queue
[2025-10-29T20:54:19.390+0000] {logging_mixin.py:188} INFO - [2025-10-29T20:54:19.389+0000] {dagbag.py:538} INFO - Filling up the DagBag from /opt/airflow/dags/count_csv_rows.py
[2025-10-29T20:54:20.434+0000] {processor.py:840} INFO - DAG(s) 'count_csv_rows' retrieved from /opt/airflow/dags/count_csv_rows.py
[2025-10-29T20:54:20.571+0000] {logging_mixin.py:188} INFO - [2025-10-29T20:54:20.570+0000] {dag.py:3036} INFO - Sync 1 DAGs
[2025-10-29T20:54:20.626+0000] {logging_mixin.py:188} INFO - [2025-10-29T20:54:20.625+0000] {dag.py:3823} INFO - Setting next_dagrun for count_csv_rows to None, run_after=None
[2025-10-29T20:54:20.755+0000] {processor.py:183} INFO - Processing /opt/airflow/dags/count_csv_rows.py took 1.398 seconds
[2025-10-29T20:54:51.192+0000] {processor.py:161} INFO - Started process (PID=239) to work on /opt/airflow/dags/count_csv_rows.py
[2025-10-29T20:54:51.194+0000] {processor.py:830} INFO - Processing file /opt/airflow/dags/count_csv_rows.py for tasks to queue
[2025-10-29T20:54:51.198+0000] {logging_mixin.py:188} INFO - [2025-10-29T20:54:51.197+0000] {dagbag.py:538} INFO - Filling up the DagBag from /opt/airflow/dags/count_csv_rows.py
[2025-10-29T20:54:51.883+0000] {processor.py:840} INFO - DAG(s) 'count_csv_rows' retrieved from /opt/airflow/dags/count_csv_rows.py
[2025-10-29T20:54:52.029+0000] {logging_mixin.py:188} INFO - [2025-10-29T20:54:52.027+0000] {dag.py:3036} INFO - Sync 1 DAGs
[2025-10-29T20:54:52.091+0000] {logging_mixin.py:188} INFO - [2025-10-29T20:54:52.091+0000] {dag.py:3823} INFO - Setting next_dagrun for count_csv_rows to None, run_after=None
[2025-10-29T20:54:52.189+0000] {processor.py:183} INFO - Processing /opt/airflow/dags/count_csv_rows.py took 1.005 seconds
[2025-10-29T20:55:22.514+0000] {processor.py:161} INFO - Started process (PID=245) to work on /opt/airflow/dags/count_csv_rows.py
[2025-10-29T20:55:22.520+0000] {processor.py:830} INFO - Processing file /opt/airflow/dags/count_csv_rows.py for tasks to queue
[2025-10-29T20:55:22.524+0000] {logging_mixin.py:188} INFO - [2025-10-29T20:55:22.523+0000] {dagbag.py:538} INFO - Filling up the DagBag from /opt/airflow/dags/count_csv_rows.py
[2025-10-29T20:55:23.209+0000] {processor.py:840} INFO - DAG(s) 'count_csv_rows' retrieved from /opt/airflow/dags/count_csv_rows.py
[2025-10-29T20:55:23.350+0000] {logging_mixin.py:188} INFO - [2025-10-29T20:55:23.349+0000] {dag.py:3036} INFO - Sync 1 DAGs
[2025-10-29T20:55:23.386+0000] {logging_mixin.py:188} INFO - [2025-10-29T20:55:23.386+0000] {dag.py:3823} INFO - Setting next_dagrun for count_csv_rows to None, run_after=None
[2025-10-29T20:55:23.473+0000] {processor.py:183} INFO - Processing /opt/airflow/dags/count_csv_rows.py took 0.973 seconds
[2025-10-29T20:55:53.864+0000] {processor.py:161} INFO - Started process (PID=251) to work on /opt/airflow/dags/count_csv_rows.py
[2025-10-29T20:55:53.866+0000] {processor.py:830} INFO - Processing file /opt/airflow/dags/count_csv_rows.py for tasks to queue
[2025-10-29T20:55:53.868+0000] {logging_mixin.py:188} INFO - [2025-10-29T20:55:53.867+0000] {dagbag.py:538} INFO - Filling up the DagBag from /opt/airflow/dags/count_csv_rows.py
[2025-10-29T20:55:54.378+0000] {processor.py:840} INFO - DAG(s) 'count_csv_rows' retrieved from /opt/airflow/dags/count_csv_rows.py
[2025-10-29T20:55:54.540+0000] {logging_mixin.py:188} INFO - [2025-10-29T20:55:54.538+0000] {dag.py:3036} INFO - Sync 1 DAGs
[2025-10-29T20:55:54.604+0000] {logging_mixin.py:188} INFO - [2025-10-29T20:55:54.604+0000] {dag.py:3823} INFO - Setting next_dagrun for count_csv_rows to None, run_after=None
[2025-10-29T20:55:54.738+0000] {processor.py:183} INFO - Processing /opt/airflow/dags/count_csv_rows.py took 0.879 seconds
[2025-10-29T20:56:25.146+0000] {processor.py:161} INFO - Started process (PID=257) to work on /opt/airflow/dags/count_csv_rows.py
[2025-10-29T20:56:25.149+0000] {processor.py:830} INFO - Processing file /opt/airflow/dags/count_csv_rows.py for tasks to queue
[2025-10-29T20:56:25.151+0000] {logging_mixin.py:188} INFO - [2025-10-29T20:56:25.151+0000] {dagbag.py:538} INFO - Filling up the DagBag from /opt/airflow/dags/count_csv_rows.py
[2025-10-29T20:56:25.651+0000] {processor.py:840} INFO - DAG(s) 'count_csv_rows' retrieved from /opt/airflow/dags/count_csv_rows.py
[2025-10-29T20:56:25.806+0000] {logging_mixin.py:188} INFO - [2025-10-29T20:56:25.805+0000] {dag.py:3036} INFO - Sync 1 DAGs
[2025-10-29T20:56:25.839+0000] {logging_mixin.py:188} INFO - [2025-10-29T20:56:25.839+0000] {dag.py:3823} INFO - Setting next_dagrun for count_csv_rows to None, run_after=None
[2025-10-29T20:56:25.933+0000] {processor.py:183} INFO - Processing /opt/airflow/dags/count_csv_rows.py took 0.792 seconds
[2025-10-29T20:56:56.400+0000] {processor.py:161} INFO - Started process (PID=263) to work on /opt/airflow/dags/count_csv_rows.py
[2025-10-29T20:56:56.404+0000] {processor.py:830} INFO - Processing file /opt/airflow/dags/count_csv_rows.py for tasks to queue
[2025-10-29T20:56:56.407+0000] {logging_mixin.py:188} INFO - [2025-10-29T20:56:56.406+0000] {dagbag.py:538} INFO - Filling up the DagBag from /opt/airflow/dags/count_csv_rows.py
[2025-10-29T20:56:57.203+0000] {processor.py:840} INFO - DAG(s) 'count_csv_rows' retrieved from /opt/airflow/dags/count_csv_rows.py
[2025-10-29T20:56:57.341+0000] {logging_mixin.py:188} INFO - [2025-10-29T20:56:57.340+0000] {dag.py:3036} INFO - Sync 1 DAGs
[2025-10-29T20:56:57.392+0000] {logging_mixin.py:188} INFO - [2025-10-29T20:56:57.391+0000] {dag.py:3823} INFO - Setting next_dagrun for count_csv_rows to None, run_after=None
[2025-10-29T20:56:57.520+0000] {processor.py:183} INFO - Processing /opt/airflow/dags/count_csv_rows.py took 1.131 seconds
[2025-10-29T20:57:27.816+0000] {processor.py:161} INFO - Started process (PID=269) to work on /opt/airflow/dags/count_csv_rows.py
[2025-10-29T20:57:27.819+0000] {processor.py:830} INFO - Processing file /opt/airflow/dags/count_csv_rows.py for tasks to queue
[2025-10-29T20:57:27.821+0000] {logging_mixin.py:188} INFO - [2025-10-29T20:57:27.821+0000] {dagbag.py:538} INFO - Filling up the DagBag from /opt/airflow/dags/count_csv_rows.py
[2025-10-29T20:57:28.348+0000] {processor.py:840} INFO - DAG(s) 'count_csv_rows' retrieved from /opt/airflow/dags/count_csv_rows.py
[2025-10-29T20:57:28.476+0000] {logging_mixin.py:188} INFO - [2025-10-29T20:57:28.475+0000] {dag.py:3036} INFO - Sync 1 DAGs
[2025-10-29T20:57:28.511+0000] {logging_mixin.py:188} INFO - [2025-10-29T20:57:28.510+0000] {dag.py:3823} INFO - Setting next_dagrun for count_csv_rows to None, run_after=None
[2025-10-29T20:57:28.578+0000] {processor.py:183} INFO - Processing /opt/airflow/dags/count_csv_rows.py took 0.774 seconds
[2025-10-29T20:57:59.053+0000] {processor.py:161} INFO - Started process (PID=275) to work on /opt/airflow/dags/count_csv_rows.py
[2025-10-29T20:57:59.057+0000] {processor.py:830} INFO - Processing file /opt/airflow/dags/count_csv_rows.py for tasks to queue
[2025-10-29T20:57:59.060+0000] {logging_mixin.py:188} INFO - [2025-10-29T20:57:59.059+0000] {dagbag.py:538} INFO - Filling up the DagBag from /opt/airflow/dags/count_csv_rows.py
[2025-10-29T20:57:59.692+0000] {processor.py:840} INFO - DAG(s) 'count_csv_rows' retrieved from /opt/airflow/dags/count_csv_rows.py
[2025-10-29T20:57:59.844+0000] {logging_mixin.py:188} INFO - [2025-10-29T20:57:59.843+0000] {dag.py:3036} INFO - Sync 1 DAGs
[2025-10-29T20:57:59.898+0000] {logging_mixin.py:188} INFO - [2025-10-29T20:57:59.897+0000] {dag.py:3823} INFO - Setting next_dagrun for count_csv_rows to None, run_after=None
[2025-10-29T20:58:00.038+0000] {processor.py:183} INFO - Processing /opt/airflow/dags/count_csv_rows.py took 0.998 seconds
[2025-10-29T20:58:30.479+0000] {processor.py:161} INFO - Started process (PID=281) to work on /opt/airflow/dags/count_csv_rows.py
[2025-10-29T20:58:30.481+0000] {processor.py:830} INFO - Processing file /opt/airflow/dags/count_csv_rows.py for tasks to queue
[2025-10-29T20:58:30.483+0000] {logging_mixin.py:188} INFO - [2025-10-29T20:58:30.483+0000] {dagbag.py:538} INFO - Filling up the DagBag from /opt/airflow/dags/count_csv_rows.py
[2025-10-29T20:58:31.069+0000] {processor.py:840} INFO - DAG(s) 'count_csv_rows' retrieved from /opt/airflow/dags/count_csv_rows.py
[2025-10-29T20:58:31.215+0000] {logging_mixin.py:188} INFO - [2025-10-29T20:58:31.214+0000] {dag.py:3036} INFO - Sync 1 DAGs
[2025-10-29T20:58:31.257+0000] {logging_mixin.py:188} INFO - [2025-10-29T20:58:31.257+0000] {dag.py:3823} INFO - Setting next_dagrun for count_csv_rows to None, run_after=None
[2025-10-29T20:58:31.337+0000] {processor.py:183} INFO - Processing /opt/airflow/dags/count_csv_rows.py took 0.863 seconds
[2025-10-29T20:59:01.926+0000] {processor.py:161} INFO - Started process (PID=287) to work on /opt/airflow/dags/count_csv_rows.py
[2025-10-29T20:59:01.929+0000] {processor.py:830} INFO - Processing file /opt/airflow/dags/count_csv_rows.py for tasks to queue
[2025-10-29T20:59:01.932+0000] {logging_mixin.py:188} INFO - [2025-10-29T20:59:01.931+0000] {dagbag.py:538} INFO - Filling up the DagBag from /opt/airflow/dags/count_csv_rows.py
[2025-10-29T20:59:02.432+0000] {processor.py:840} INFO - DAG(s) 'count_csv_rows' retrieved from /opt/airflow/dags/count_csv_rows.py
[2025-10-29T20:59:02.570+0000] {logging_mixin.py:188} INFO - [2025-10-29T20:59:02.570+0000] {dag.py:3036} INFO - Sync 1 DAGs
[2025-10-29T20:59:02.605+0000] {logging_mixin.py:188} INFO - [2025-10-29T20:59:02.604+0000] {dag.py:3823} INFO - Setting next_dagrun for count_csv_rows to None, run_after=None
[2025-10-29T20:59:02.716+0000] {processor.py:183} INFO - Processing /opt/airflow/dags/count_csv_rows.py took 0.798 seconds
[2025-10-29T20:59:33.160+0000] {processor.py:161} INFO - Started process (PID=293) to work on /opt/airflow/dags/count_csv_rows.py
[2025-10-29T20:59:33.163+0000] {processor.py:830} INFO - Processing file /opt/airflow/dags/count_csv_rows.py for tasks to queue
[2025-10-29T20:59:33.165+0000] {logging_mixin.py:188} INFO - [2025-10-29T20:59:33.165+0000] {dagbag.py:538} INFO - Filling up the DagBag from /opt/airflow/dags/count_csv_rows.py
[2025-10-29T20:59:33.740+0000] {processor.py:840} INFO - DAG(s) 'count_csv_rows' retrieved from /opt/airflow/dags/count_csv_rows.py
[2025-10-29T20:59:33.900+0000] {logging_mixin.py:188} INFO - [2025-10-29T20:59:33.899+0000] {dag.py:3036} INFO - Sync 1 DAGs
[2025-10-29T20:59:33.951+0000] {logging_mixin.py:188} INFO - [2025-10-29T20:59:33.950+0000] {dag.py:3823} INFO - Setting next_dagrun for count_csv_rows to None, run_after=None
[2025-10-29T20:59:34.064+0000] {processor.py:183} INFO - Processing /opt/airflow/dags/count_csv_rows.py took 0.916 seconds
[2025-10-29T21:00:04.502+0000] {processor.py:161} INFO - Started process (PID=299) to work on /opt/airflow/dags/count_csv_rows.py
[2025-10-29T21:00:04.504+0000] {processor.py:830} INFO - Processing file /opt/airflow/dags/count_csv_rows.py for tasks to queue
[2025-10-29T21:00:04.507+0000] {logging_mixin.py:188} INFO - [2025-10-29T21:00:04.506+0000] {dagbag.py:538} INFO - Filling up the DagBag from /opt/airflow/dags/count_csv_rows.py
[2025-10-29T21:00:04.983+0000] {processor.py:840} INFO - DAG(s) 'count_csv_rows' retrieved from /opt/airflow/dags/count_csv_rows.py
[2025-10-29T21:00:05.141+0000] {logging_mixin.py:188} INFO - [2025-10-29T21:00:05.140+0000] {dag.py:3036} INFO - Sync 1 DAGs
[2025-10-29T21:00:05.179+0000] {logging_mixin.py:188} INFO - [2025-10-29T21:00:05.178+0000] {dag.py:3823} INFO - Setting next_dagrun for count_csv_rows to None, run_after=None
[2025-10-29T21:00:05.288+0000] {processor.py:183} INFO - Processing /opt/airflow/dags/count_csv_rows.py took 0.792 seconds
[2025-10-29T21:00:35.763+0000] {processor.py:161} INFO - Started process (PID=305) to work on /opt/airflow/dags/count_csv_rows.py
[2025-10-29T21:00:35.767+0000] {processor.py:830} INFO - Processing file /opt/airflow/dags/count_csv_rows.py for tasks to queue
[2025-10-29T21:00:35.770+0000] {logging_mixin.py:188} INFO - [2025-10-29T21:00:35.769+0000] {dagbag.py:538} INFO - Filling up the DagBag from /opt/airflow/dags/count_csv_rows.py
[2025-10-29T21:00:36.303+0000] {processor.py:840} INFO - DAG(s) 'count_csv_rows' retrieved from /opt/airflow/dags/count_csv_rows.py
[2025-10-29T21:00:36.458+0000] {logging_mixin.py:188} INFO - [2025-10-29T21:00:36.456+0000] {dag.py:3036} INFO - Sync 1 DAGs
[2025-10-29T21:00:36.527+0000] {logging_mixin.py:188} INFO - [2025-10-29T21:00:36.526+0000] {dag.py:3823} INFO - Setting next_dagrun for count_csv_rows to None, run_after=None
[2025-10-29T21:00:36.653+0000] {processor.py:183} INFO - Processing /opt/airflow/dags/count_csv_rows.py took 0.996 seconds
[2025-10-29T21:01:07.164+0000] {processor.py:161} INFO - Started process (PID=311) to work on /opt/airflow/dags/count_csv_rows.py
[2025-10-29T21:01:07.169+0000] {processor.py:830} INFO - Processing file /opt/airflow/dags/count_csv_rows.py for tasks to queue
[2025-10-29T21:01:07.174+0000] {logging_mixin.py:188} INFO - [2025-10-29T21:01:07.173+0000] {dagbag.py:538} INFO - Filling up the DagBag from /opt/airflow/dags/count_csv_rows.py
[2025-10-29T21:01:08.411+0000] {processor.py:840} INFO - DAG(s) 'count_csv_rows' retrieved from /opt/airflow/dags/count_csv_rows.py
[2025-10-29T21:01:08.607+0000] {logging_mixin.py:188} INFO - [2025-10-29T21:01:08.606+0000] {dag.py:3036} INFO - Sync 1 DAGs
[2025-10-29T21:01:08.651+0000] {logging_mixin.py:188} INFO - [2025-10-29T21:01:08.651+0000] {dag.py:3823} INFO - Setting next_dagrun for count_csv_rows to None, run_after=None
[2025-10-29T21:01:08.775+0000] {processor.py:183} INFO - Processing /opt/airflow/dags/count_csv_rows.py took 1.665 seconds
[2025-10-29T21:01:39.227+0000] {processor.py:161} INFO - Started process (PID=317) to work on /opt/airflow/dags/count_csv_rows.py
[2025-10-29T21:01:39.229+0000] {processor.py:830} INFO - Processing file /opt/airflow/dags/count_csv_rows.py for tasks to queue
[2025-10-29T21:01:39.231+0000] {logging_mixin.py:188} INFO - [2025-10-29T21:01:39.231+0000] {dagbag.py:538} INFO - Filling up the DagBag from /opt/airflow/dags/count_csv_rows.py
[2025-10-29T21:01:39.852+0000] {processor.py:840} INFO - DAG(s) 'count_csv_rows' retrieved from /opt/airflow/dags/count_csv_rows.py
[2025-10-29T21:01:39.987+0000] {logging_mixin.py:188} INFO - [2025-10-29T21:01:39.986+0000] {dag.py:3036} INFO - Sync 1 DAGs
[2025-10-29T21:01:40.056+0000] {logging_mixin.py:188} INFO - [2025-10-29T21:01:40.055+0000] {dag.py:3823} INFO - Setting next_dagrun for count_csv_rows to None, run_after=None
[2025-10-29T21:01:40.181+0000] {processor.py:183} INFO - Processing /opt/airflow/dags/count_csv_rows.py took 0.960 seconds
[2025-10-29T21:02:10.656+0000] {processor.py:161} INFO - Started process (PID=323) to work on /opt/airflow/dags/count_csv_rows.py
[2025-10-29T21:02:10.659+0000] {processor.py:830} INFO - Processing file /opt/airflow/dags/count_csv_rows.py for tasks to queue
[2025-10-29T21:02:10.662+0000] {logging_mixin.py:188} INFO - [2025-10-29T21:02:10.661+0000] {dagbag.py:538} INFO - Filling up the DagBag from /opt/airflow/dags/count_csv_rows.py
[2025-10-29T21:02:11.455+0000] {processor.py:840} INFO - DAG(s) 'count_csv_rows' retrieved from /opt/airflow/dags/count_csv_rows.py
[2025-10-29T21:02:11.805+0000] {logging_mixin.py:188} INFO - [2025-10-29T21:02:11.802+0000] {dag.py:3036} INFO - Sync 1 DAGs
[2025-10-29T21:02:11.896+0000] {logging_mixin.py:188} INFO - [2025-10-29T21:02:11.896+0000] {dag.py:3823} INFO - Setting next_dagrun for count_csv_rows to None, run_after=None
[2025-10-29T21:02:12.034+0000] {processor.py:183} INFO - Processing /opt/airflow/dags/count_csv_rows.py took 1.387 seconds
[2025-10-29T21:02:42.473+0000] {processor.py:161} INFO - Started process (PID=329) to work on /opt/airflow/dags/count_csv_rows.py
[2025-10-29T21:02:42.476+0000] {processor.py:830} INFO - Processing file /opt/airflow/dags/count_csv_rows.py for tasks to queue
[2025-10-29T21:02:42.478+0000] {logging_mixin.py:188} INFO - [2025-10-29T21:02:42.477+0000] {dagbag.py:538} INFO - Filling up the DagBag from /opt/airflow/dags/count_csv_rows.py
[2025-10-29T21:02:43.122+0000] {processor.py:840} INFO - DAG(s) 'count_csv_rows' retrieved from /opt/airflow/dags/count_csv_rows.py
[2025-10-29T21:02:43.234+0000] {logging_mixin.py:188} INFO - [2025-10-29T21:02:43.233+0000] {dag.py:3036} INFO - Sync 1 DAGs
[2025-10-29T21:02:43.270+0000] {logging_mixin.py:188} INFO - [2025-10-29T21:02:43.270+0000] {dag.py:3823} INFO - Setting next_dagrun for count_csv_rows to None, run_after=None
[2025-10-29T21:02:43.358+0000] {processor.py:183} INFO - Processing /opt/airflow/dags/count_csv_rows.py took 0.894 seconds
[2025-10-29T21:03:13.788+0000] {processor.py:161} INFO - Started process (PID=335) to work on /opt/airflow/dags/count_csv_rows.py
[2025-10-29T21:03:13.791+0000] {processor.py:830} INFO - Processing file /opt/airflow/dags/count_csv_rows.py for tasks to queue
[2025-10-29T21:03:13.795+0000] {logging_mixin.py:188} INFO - [2025-10-29T21:03:13.794+0000] {dagbag.py:538} INFO - Filling up the DagBag from /opt/airflow/dags/count_csv_rows.py
[2025-10-29T21:03:14.371+0000] {processor.py:840} INFO - DAG(s) 'count_csv_rows' retrieved from /opt/airflow/dags/count_csv_rows.py
[2025-10-29T21:03:14.522+0000] {logging_mixin.py:188} INFO - [2025-10-29T21:03:14.521+0000] {dag.py:3036} INFO - Sync 1 DAGs
[2025-10-29T21:03:14.561+0000] {logging_mixin.py:188} INFO - [2025-10-29T21:03:14.560+0000] {dag.py:3823} INFO - Setting next_dagrun for count_csv_rows to None, run_after=None
[2025-10-29T21:03:14.680+0000] {processor.py:183} INFO - Processing /opt/airflow/dags/count_csv_rows.py took 0.898 seconds
[2025-10-29T21:03:44.843+0000] {processor.py:161} INFO - Started process (PID=341) to work on /opt/airflow/dags/count_csv_rows.py
[2025-10-29T21:03:44.845+0000] {processor.py:830} INFO - Processing file /opt/airflow/dags/count_csv_rows.py for tasks to queue
[2025-10-29T21:03:44.848+0000] {logging_mixin.py:188} INFO - [2025-10-29T21:03:44.847+0000] {dagbag.py:538} INFO - Filling up the DagBag from /opt/airflow/dags/count_csv_rows.py
[2025-10-29T21:03:45.383+0000] {processor.py:840} INFO - DAG(s) 'count_csv_rows' retrieved from /opt/airflow/dags/count_csv_rows.py
[2025-10-29T21:03:45.494+0000] {logging_mixin.py:188} INFO - [2025-10-29T21:03:45.493+0000] {dag.py:3036} INFO - Sync 1 DAGs
[2025-10-29T21:03:45.554+0000] {logging_mixin.py:188} INFO - [2025-10-29T21:03:45.554+0000] {dag.py:3823} INFO - Setting next_dagrun for count_csv_rows to None, run_after=None
[2025-10-29T21:03:45.652+0000] {processor.py:183} INFO - Processing /opt/airflow/dags/count_csv_rows.py took 0.815 seconds
[2025-10-29T21:04:16.077+0000] {processor.py:161} INFO - Started process (PID=347) to work on /opt/airflow/dags/count_csv_rows.py
[2025-10-29T21:04:16.079+0000] {processor.py:830} INFO - Processing file /opt/airflow/dags/count_csv_rows.py for tasks to queue
[2025-10-29T21:04:16.081+0000] {logging_mixin.py:188} INFO - [2025-10-29T21:04:16.081+0000] {dagbag.py:538} INFO - Filling up the DagBag from /opt/airflow/dags/count_csv_rows.py
[2025-10-29T21:04:16.640+0000] {processor.py:840} INFO - DAG(s) 'count_csv_rows' retrieved from /opt/airflow/dags/count_csv_rows.py
[2025-10-29T21:04:16.808+0000] {logging_mixin.py:188} INFO - [2025-10-29T21:04:16.807+0000] {dag.py:3036} INFO - Sync 1 DAGs
[2025-10-29T21:04:16.865+0000] {logging_mixin.py:188} INFO - [2025-10-29T21:04:16.864+0000] {dag.py:3823} INFO - Setting next_dagrun for count_csv_rows to None, run_after=None
[2025-10-29T21:04:16.998+0000] {processor.py:183} INFO - Processing /opt/airflow/dags/count_csv_rows.py took 0.928 seconds
[2025-10-29T21:04:47.397+0000] {processor.py:161} INFO - Started process (PID=353) to work on /opt/airflow/dags/count_csv_rows.py
[2025-10-29T21:04:47.400+0000] {processor.py:830} INFO - Processing file /opt/airflow/dags/count_csv_rows.py for tasks to queue
[2025-10-29T21:04:47.405+0000] {logging_mixin.py:188} INFO - [2025-10-29T21:04:47.403+0000] {dagbag.py:538} INFO - Filling up the DagBag from /opt/airflow/dags/count_csv_rows.py
[2025-10-29T21:04:47.982+0000] {processor.py:840} INFO - DAG(s) 'count_csv_rows' retrieved from /opt/airflow/dags/count_csv_rows.py
[2025-10-29T21:04:48.114+0000] {logging_mixin.py:188} INFO - [2025-10-29T21:04:48.114+0000] {dag.py:3036} INFO - Sync 1 DAGs
[2025-10-29T21:04:48.148+0000] {logging_mixin.py:188} INFO - [2025-10-29T21:04:48.148+0000] {dag.py:3823} INFO - Setting next_dagrun for count_csv_rows to None, run_after=None
[2025-10-29T21:04:48.247+0000] {processor.py:183} INFO - Processing /opt/airflow/dags/count_csv_rows.py took 0.858 seconds
[2025-10-29T21:05:18.671+0000] {processor.py:161} INFO - Started process (PID=359) to work on /opt/airflow/dags/count_csv_rows.py
[2025-10-29T21:05:18.673+0000] {processor.py:830} INFO - Processing file /opt/airflow/dags/count_csv_rows.py for tasks to queue
[2025-10-29T21:05:18.675+0000] {logging_mixin.py:188} INFO - [2025-10-29T21:05:18.675+0000] {dagbag.py:538} INFO - Filling up the DagBag from /opt/airflow/dags/count_csv_rows.py
[2025-10-29T21:05:19.259+0000] {processor.py:840} INFO - DAG(s) 'count_csv_rows' retrieved from /opt/airflow/dags/count_csv_rows.py
[2025-10-29T21:05:19.396+0000] {logging_mixin.py:188} INFO - [2025-10-29T21:05:19.394+0000] {dag.py:3036} INFO - Sync 1 DAGs
[2025-10-29T21:05:19.442+0000] {logging_mixin.py:188} INFO - [2025-10-29T21:05:19.442+0000] {dag.py:3823} INFO - Setting next_dagrun for count_csv_rows to None, run_after=None
[2025-10-29T21:05:19.533+0000] {processor.py:183} INFO - Processing /opt/airflow/dags/count_csv_rows.py took 0.869 seconds
[2025-10-29T21:05:50.033+0000] {processor.py:161} INFO - Started process (PID=365) to work on /opt/airflow/dags/count_csv_rows.py
[2025-10-29T21:05:50.037+0000] {processor.py:830} INFO - Processing file /opt/airflow/dags/count_csv_rows.py for tasks to queue
[2025-10-29T21:05:50.041+0000] {logging_mixin.py:188} INFO - [2025-10-29T21:05:50.039+0000] {dagbag.py:538} INFO - Filling up the DagBag from /opt/airflow/dags/count_csv_rows.py
[2025-10-29T21:05:50.985+0000] {processor.py:840} INFO - DAG(s) 'count_csv_rows' retrieved from /opt/airflow/dags/count_csv_rows.py
[2025-10-29T21:05:51.103+0000] {logging_mixin.py:188} INFO - [2025-10-29T21:05:51.102+0000] {dag.py:3036} INFO - Sync 1 DAGs
[2025-10-29T21:05:51.154+0000] {logging_mixin.py:188} INFO - [2025-10-29T21:05:51.153+0000] {dag.py:3823} INFO - Setting next_dagrun for count_csv_rows to None, run_after=None
[2025-10-29T21:05:51.241+0000] {processor.py:183} INFO - Processing /opt/airflow/dags/count_csv_rows.py took 1.219 seconds
